20   15
-100  -99  -98  -98  -98  -96  -96  -95  -95  -94  -94  -93  -93  -92  -92
  -87  -87  -86  -85  -85  -82  -82  -81  -80  -80  -80  -79  -78  -77  -77
  -75  -75  -73  -73  -73  -72  -71  -71  -71  -71  -69  -69  -68  -68  -65
  -59  -58  -58  -57  -54  -54  -54  -54  -54  -53  -53  -52  -52  -51  -50
  -46  -43  -42  -42  -40  -40  -40  -40  -40  -39  -39  -39  -38  -38  -37
  -33  -32  -32  -31  -31  -30  -29  -27  -27  -27  -26  -25  -25  -25  -24
  -21  -20  -20  -20  -20  -19  -19  -19  -17  -15  -14  -12  -12  -11  -10
   -6   -6   -3   -3   -3   -2   -2   -2   -2   -1   -1   -1    0    0    1
    5    5    8    9    9    9   10   10   11   13   13   13   14   14   14
   18   18   18   20   20   20   20   21   21   22   22   22   23   23   25
   32   32   32   32   33   33   33   35   36   36   37   38   38   38   39
   44   45   47   49   49   51   51   52   52   52   53   54   54   57   58
   62   63   63   63   63   64   64   65   67   67   68   69   69   70   70
   73   74   75   76   76   76   77   77   78   78   79   79   79   80   80
   85   85   89   89   90   91   92   94   95   96   96   96   96   96   97
-858993460-858993460-858993460-858993460-858993460-858993460-858993460-858993460-858993460-858993460-858993460-858993460-858993460-858993460-858993460
-858993460-858993460-858993460-858993460-858993460-858993460-858993460-858993460-858993460-858993460-858993460-858993460-858993460-858993460-858993460
-858993460-858993460-858993460-858993460-858993460-858993460-858993460-858993460-858993460-858993460-858993460-858993460-858993460-858993460-858993460
-858993460-858993460-858993460-858993460-858993460-858993460-858993460-858993460-858993460-858993460-858993460-858993460-858993460-858993460-858993460
-858993460-858993460-858993460-858993460-858993460-858993460-858993460-858993460-858993460-858993460-858993460-858993460-858993460-858993460-858993460
